[ 2014-12-05 01:47:05 (CST) ]  NOTICE:  Use of undefined constant ACTION_NAME - assumed 'ACTION_NAME'  /root/ServerKit/webroot/core/Auth.class.php  第22行  
[ 2014-12-05 01:47:05 (CST) ]  WARNING:  implode() [<a href='/function.implode'>function.implode</a>]: Invalid arguments passed  /root/ServerKit/webroot/filemanager.php  第544行  
[ 2014-12-05 01:53:26 (CST) ]  NOTICE:  Use of undefined constant ACTION_NAME - assumed 'ACTION_NAME'  /root/ServerKit/webroot/core/Auth.class.php  第22行  
[ 2014-12-05 01:53:26 (CST) ]  WARNING:  implode() [<a href='/function.implode'>function.implode</a>]: Invalid arguments passed  /root/ServerKit/webroot/filemanager.php  第544行  
[ 2014-12-05 01:53:43 (CST) ]  NOTICE:  Use of undefined constant ACTION_NAME - assumed 'ACTION_NAME'  /root/ServerKit/webroot/core/Auth.class.php  第22行  
[ 2014-12-05 01:53:43 (CST) ]  WARNING:  implode() [<a href='/function.implode'>function.implode</a>]: Invalid arguments passed  /root/ServerKit/webroot/filemanager.php  第544行  
[ 2014-12-05 01:54:57 (CST) ]  NOTICE:  Use of undefined constant ACTION_NAME - assumed 'ACTION_NAME'  /root/ServerKit/webroot/core/Auth.class.php  第22行  
[ 2014-12-05 01:54:57 (CST) ]  WARNING:  implode() [<a href='/function.implode'>function.implode</a>]: Invalid arguments passed  /root/ServerKit/webroot/filemanager.php  第544行  
[ 2014-12-05 01:55:14 (CST) ]  NOTICE:  Use of undefined constant ACTION_NAME - assumed 'ACTION_NAME'  /root/ServerKit/webroot/core/Auth.class.php  第22行  
[ 2014-12-05 01:55:14 (CST) ]  WARNING:  implode() [<a href='/function.implode'>function.implode</a>]: Invalid arguments passed  /root/ServerKit/webroot/filemanager.php  第544行  
[ 2014-12-05 01:55:36 (CST) ]  NOTICE:  Use of undefined constant ACTION_NAME - assumed 'ACTION_NAME'  /root/ServerKit/webroot/core/Auth.class.php  第22行  
[ 2014-12-05 01:55:36 (CST) ]  WARNING:  implode() [<a href='/function.implode'>function.implode</a>]: Invalid arguments passed  /root/ServerKit/webroot/verifyfiles.php  第545行  
[ 2014-12-05 01:59:44 (CST) ]  NOTICE:  Use of undefined constant ACTION_NAME - assumed 'ACTION_NAME'  /root/ServerKit/webroot/core/Auth.class.php  第22行  
[ 2014-12-05 01:59:44 (CST) ]  WARNING:  implode() [<a href='/function.implode'>function.implode</a>]: Invalid arguments passed  /root/ServerKit/webroot/verifyfiles.php  第545行  
[ 2014-12-05 02:00:53 (CST) ]  NOTICE:  Use of undefined constant ACTION_NAME - assumed 'ACTION_NAME'  /root/ServerKit/webroot/core/Auth.class.php  第22行  
[ 2014-12-05 02:00:53 (CST) ]  WARNING:  implode() [<a href='/function.implode'>function.implode</a>]: Invalid arguments passed  /root/ServerKit/webroot/verifyfiles.php  第545行  
[ 2014-12-05 02:01:06 (CST) ]  NOTICE:  Use of undefined constant ACTION_NAME - assumed 'ACTION_NAME'  /root/ServerKit/webroot/core/Auth.class.php  第22行  
[ 2014-12-05 02:01:06 (CST) ]  WARNING:  implode() [<a href='/function.implode'>function.implode</a>]: Invalid arguments passed  /root/ServerKit/webroot/filemanager.php  第544行  
[ 2014-12-05 02:02:38 (CST) ]  NOTICE:  Use of undefined constant ACTION_NAME - assumed 'ACTION_NAME'  /root/ServerKit/webroot/core/Auth.class.php  第22行  
[ 2014-12-05 02:02:38 (CST) ]  WARNING:  implode() [<a href='/function.implode'>function.implode</a>]: Invalid arguments passed  /root/ServerKit/webroot/filemanager.php  第544行  
[ 2014-12-05 02:02:49 (CST) ]  WARNING:  rename(/root/ServerKit/uploadfiles/4214332332/1.jpg,/root/ServerKit/uploadfiles/4214332332../verifyfiles/1.jpg) [<a href='/function.rename'>function.rename</a>]: No such file or directory  /root/ServerKit/webroot/core/FileFS.class.php  第145行  
[ 2014-12-05 02:03:16 (CST) ]  WARNING:  rename(/root/ServerKit/uploadfiles/4214332332/WebFTP.zip,/root/ServerKit/uploadfiles/4214332332../verifyfiles/WebFTP.zip) [<a href='/function.rename'>function.rename</a>]: No such file or directory  /root/ServerKit/webroot/core/FileFS.class.php  第145行  
[ 2014-12-05 02:04:52 (CST) ]  WARNING:  rename(/root/ServerKit/uploadfiles/4214332332/1.jpg,/root/ServerKit/uploadfiles/4214332332../verifyfiles/1.jpg) [<a href='/function.rename'>function.rename</a>]: No such file or directory  /root/ServerKit/webroot/core/FileFS.class.php  第145行  
[ 2014-12-05 02:06:52 (CST) ]  NOTICE:  Use of undefined constant ACTION_NAME - assumed 'ACTION_NAME'  /root/ServerKit/webroot/core/Auth.class.php  第22行  
[ 2014-12-05 02:06:52 (CST) ]  WARNING:  implode() [<a href='/function.implode'>function.implode</a>]: Invalid arguments passed  /root/ServerKit/webroot/filemanager.php  第544行  
[ 2014-12-05 02:07:00 (CST) ]  WARNING:  rename(/root/ServerKit/uploadfiles/4214332332/1.jpg,/root/ServerKit/uploadfiles/4214332332root/ServerKit/verifyfiles/1.jpg) [<a href='/function.rename'>function.rename</a>]: No such file or directory  /root/ServerKit/webroot/core/FileFS.class.php  第145行  
[ 2014-12-05 02:07:06 (CST) ]  WARNING:  rename(/root/ServerKit/uploadfiles/codecanyon-1482733-quform-responsive2-ajax-contact-form-v2.0.3.rar,/root/ServerKit/uploadfiles/root/ServerKit/verifyfiles/codecanyon-1482733-quform-responsive2-ajax-contact-form-v2.0.3.rar) [<a href='/function.rename'>function.rename</a>]: No such file or directory  /root/ServerKit/webroot/core/FileFS.class.php  第145行  
[ 2014-12-05 02:07:16 (CST) ]  NOTICE:  Use of undefined constant ACTION_NAME - assumed 'ACTION_NAME'  /root/ServerKit/webroot/core/Auth.class.php  第22行  
[ 2014-12-05 02:07:16 (CST) ]  WARNING:  implode() [<a href='/function.implode'>function.implode</a>]: Invalid arguments passed  /root/ServerKit/webroot/filemanager.php  第544行  
[ 2014-12-05 02:07:27 (CST) ]  WARNING:  rename(/root/ServerKit/uploadfiles/4214332332/,/root/ServerKit/uploadfiles/./root/ServerKit/verifyfiles/4214332332) [<a href='/function.rename'>function.rename</a>]: No such file or directory  /root/ServerKit/webroot/core/FileFS.class.php  第145行  
[ 2014-12-05 02:07:30 (CST) ]  WARNING:  rename(/root/ServerKit/uploadfiles/codecanyon-1482733-quform-responsive2-ajax-contact-form-v2.0.3.rar,/root/ServerKit/uploadfiles/./root/ServerKit/verifyfiles/codecanyon-1482733-quform-responsive2-ajax-contact-form-v2.0.3.rar) [<a href='/function.rename'>function.rename</a>]: No such file or directory  /root/ServerKit/webroot/core/FileFS.class.php  第145行  
[ 2014-12-05 02:07:39 (CST) ]  NOTICE:  Use of undefined constant ACTION_NAME - assumed 'ACTION_NAME'  /root/ServerKit/webroot/core/Auth.class.php  第22行  
[ 2014-12-05 02:07:39 (CST) ]  WARNING:  implode() [<a href='/function.implode'>function.implode</a>]: Invalid arguments passed  /root/ServerKit/webroot/filemanager.php  第544行  
[ 2014-12-05 02:07:49 (CST) ]  WARNING:  rename(/root/ServerKit/uploadfiles/4214332332/,/root/ServerKit/uploadfiles/../root/ServerKit/verifyfiles/4214332332) [<a href='/function.rename'>function.rename</a>]: No such file or directory  /root/ServerKit/webroot/core/FileFS.class.php  第145行  
[ 2014-12-05 02:09:28 (CST) ]  NOTICE:  Use of undefined constant ACTION_NAME - assumed 'ACTION_NAME'  /root/ServerKit/webroot/core/Auth.class.php  第22行  
[ 2014-12-05 02:09:28 (CST) ]  WARNING:  implode() [<a href='/function.implode'>function.implode</a>]: Invalid arguments passed  /root/ServerKit/webroot/filemanager.php  第544行  
[ 2014-12-05 02:09:33 (CST) ]  WARNING:  rename(/root/ServerKit/uploadfiles/codecanyon-1482733-quform-responsive2-ajax-contact-form-v2.0.3.rar,/root/ServerKit/uploadfiles//root/ServerKit/verifyfiles/codecanyon-1482733-quform-responsive2-ajax-contact-form-v2.0.3.rar) [<a href='/function.rename'>function.rename</a>]: No such file or directory  /root/ServerKit/webroot/core/FileFS.class.php  第145行  
[ 2014-12-05 02:09:43 (CST) ]  NOTICE:  Use of undefined constant ACTION_NAME - assumed 'ACTION_NAME'  /root/ServerKit/webroot/core/Auth.class.php  第22行  
[ 2014-12-05 02:09:43 (CST) ]  WARNING:  implode() [<a href='/function.implode'>function.implode</a>]: Invalid arguments passed  /root/ServerKit/webroot/filemanager.php  第544行  
[ 2014-12-05 02:09:55 (CST) ]  NOTICE:  Use of undefined constant ACTION_NAME - assumed 'ACTION_NAME'  /root/ServerKit/webroot/core/Auth.class.php  第22行  
[ 2014-12-05 02:09:55 (CST) ]  WARNING:  implode() [<a href='/function.implode'>function.implode</a>]: Invalid arguments passed  /root/ServerKit/webroot/verifyfiles.php  第545行  
[ 2014-12-05 02:10:04 (CST) ]  NOTICE:  Use of undefined constant ACTION_NAME - assumed 'ACTION_NAME'  /root/ServerKit/webroot/core/Auth.class.php  第22行  
[ 2014-12-05 02:10:04 (CST) ]  WARNING:  implode() [<a href='/function.implode'>function.implode</a>]: Invalid arguments passed  /root/ServerKit/webroot/filemanager.php  第544行  
