[ 2014-12-16 15:29:43 (CST) ]  NOTICE:  Use of undefined constant ACTION_NAME - assumed 'ACTION_NAME'  /root/ServerKit/webroot/core/Auth.class.php  第22行  
[ 2014-12-16 15:29:43 (CST) ]  WARNING:  implode() [<a href='/function.implode'>function.implode</a>]: Invalid arguments passed  /root/ServerKit/webroot/filemanager.php  第544行  
[ 2014-12-16 15:40:30 (CST) ]  NOTICE:  Use of undefined constant ACTION_NAME - assumed 'ACTION_NAME'  /root/ServerKit/webroot/core/Auth.class.php  第22行  
[ 2014-12-16 15:40:30 (CST) ]  WARNING:  implode() [<a href='/function.implode'>function.implode</a>]: Invalid arguments passed  /root/ServerKit/webroot/filemanager.php  第544行  
[ 2014-12-16 15:40:50 (CST) ]  NOTICE:  Use of undefined constant ACTION_NAME - assumed 'ACTION_NAME'  /root/ServerKit/webroot/core/Auth.class.php  第22行  
[ 2014-12-16 15:40:50 (CST) ]  WARNING:  implode() [<a href='/function.implode'>function.implode</a>]: Invalid arguments passed  /root/ServerKit/webroot/verifyfiles.php  第545行  
[ 2014-12-16 16:14:32 (CST) ]  NOTICE:  Use of undefined constant ACTION_NAME - assumed 'ACTION_NAME'  /root/ServerKit/webroot/core/Auth.class.php  第22行  
[ 2014-12-16 16:14:32 (CST) ]  WARNING:  implode() [<a href='/function.implode'>function.implode</a>]: Invalid arguments passed  /root/ServerKit/webroot/filemanager.php  第544行  
[ 2014-12-16 16:14:36 (CST) ]  NOTICE:  Use of undefined constant ACTION_NAME - assumed 'ACTION_NAME'  /root/ServerKit/webroot/core/Auth.class.php  第22行  
[ 2014-12-16 16:14:36 (CST) ]  WARNING:  implode() [<a href='/function.implode'>function.implode</a>]: Invalid arguments passed  /root/ServerKit/webroot/verifyfiles.php  第545行  
[ 2014-12-16 17:16:16 (CST) ]  NOTICE:  Use of undefined constant ACTION_NAME - assumed 'ACTION_NAME'  /root/ServerKit/webroot/core/Auth.class.php  第22行  
[ 2014-12-16 17:16:16 (CST) ]  NOTICE:  A session had already been started - ignoring session_start()  /root/ServerKit/webroot/common.func.php  第310行  
[ 2014-12-16 17:16:16 (CST) ]  NOTICE:  Undefined index: niuxams_Nxalgnm  /root/ServerKit/webroot/common.func.php  第311行  
[ 2014-12-16 17:16:16 (CST) ]  NOTICE:  Undefined index: niuxams_Nxalgpw  /root/ServerKit/webroot/common.func.php  第312行  
[ 2014-12-16 17:16:16 (CST) ]  NOTICE:  Undefined index: menu  /root/ServerKit/webroot/addggcl.php  第17行  
[ 2014-12-16 17:16:16 (CST) ]  NOTICE:  Undefined variable: ifdot  /root/ServerKit/webroot/common.func.php  第393行  
[ 2014-12-16 17:16:16 (CST) ]  NOTICE:  Undefined variable: ifdot  /root/ServerKit/webroot/common.func.php  第393行  
[ 2014-12-16 17:17:24 (CST) ]  NOTICE:  Use of undefined constant ACTION_NAME - assumed 'ACTION_NAME'  /root/ServerKit/webroot/core/Auth.class.php  第22行  
[ 2014-12-16 17:17:24 (CST) ]  WARNING:  implode() [<a href='/function.implode'>function.implode</a>]: Invalid arguments passed  /root/ServerKit/webroot/filemanager.php  第544行  
[ 2014-12-16 17:17:47 (CST) ]  NOTICE:  Use of undefined constant ACTION_NAME - assumed 'ACTION_NAME'  /root/ServerKit/webroot/core/Auth.class.php  第22行  
[ 2014-12-16 17:17:47 (CST) ]  WARNING:  implode() [<a href='/function.implode'>function.implode</a>]: Invalid arguments passed  /root/ServerKit/webroot/filemanager.php  第538行  
[ 2014-12-16 17:18:05 (CST) ]  NOTICE:  Use of undefined constant ACTION_NAME - assumed 'ACTION_NAME'  /root/ServerKit/webroot/core/Auth.class.php  第22行  
[ 2014-12-16 17:18:05 (CST) ]  NOTICE:  Constant ES_ROOT already defined  /root/ServerKit/webroot/init.php  第14行  
[ 2014-12-16 17:18:05 (CST) ]  NOTICE:  Constant ES_PATH already defined  /root/ServerKit/webroot/init.php  第15行  
[ 2014-12-16 17:18:05 (CST) ]  NOTICE:  Constant CORE_ROOT already defined  /root/ServerKit/webroot/init.php  第18行  
[ 2014-12-16 17:18:05 (CST) ]  NOTICE:  Constant DATA_PATH already defined  /root/ServerKit/webroot/init.php  第19行  
[ 2014-12-16 17:18:05 (CST) ]  NOTICE:  Constant DS already defined  /root/ServerKit/webroot/init.php  第20行  
[ 2014-12-16 17:18:05 (CST) ]  NOTICE:  Constant SYS_WIN already defined  /root/ServerKit/webroot/init.php  第22行  
[ 2014-12-16 17:18:05 (CST) ]  NOTICE:  Constant MAGIC_QUOTES_GPC already defined  /root/ServerKit/webroot/init.php  第27行  
[ 2014-12-16 17:18:44 (CST) ]  NOTICE:  Use of undefined constant ACTION_NAME - assumed 'ACTION_NAME'  /root/ServerKit/webroot/core/Auth.class.php  第22行  
[ 2014-12-16 17:18:44 (CST) ]  WARNING:  implode() [<a href='/function.implode'>function.implode</a>]: Invalid arguments passed  /root/ServerKit/webroot/verifyfiles.php  第545行  
[ 2014-12-16 17:20:24 (CST) ]  NOTICE:  Use of undefined constant ACTION_NAME - assumed 'ACTION_NAME'  /root/ServerKit/webroot/core/Auth.class.php  第22行  
[ 2014-12-16 17:20:24 (CST) ]  NOTICE:  A session had already been started - ignoring session_start()  /root/ServerKit/webroot/common.func.php  第310行  
[ 2014-12-16 17:20:24 (CST) ]  NOTICE:  Undefined index: niuxams_Nxalgnm  /root/ServerKit/webroot/common.func.php  第311行  
[ 2014-12-16 17:20:24 (CST) ]  NOTICE:  Undefined index: niuxams_Nxalgpw  /root/ServerKit/webroot/common.func.php  第312行  
[ 2014-12-16 17:20:24 (CST) ]  NOTICE:  Undefined index: menu  /root/ServerKit/webroot/addggcl.php  第17行  
[ 2014-12-16 17:20:24 (CST) ]  NOTICE:  Undefined variable: ifdot  /root/ServerKit/webroot/common.func.php  第393行  
[ 2014-12-16 17:20:24 (CST) ]  NOTICE:  Undefined variable: ifdot  /root/ServerKit/webroot/common.func.php  第393行  
[ 2014-12-16 17:21:01 (CST) ]  NOTICE:  Use of undefined constant ACTION_NAME - assumed 'ACTION_NAME'  /root/ServerKit/webroot/core/Auth.class.php  第22行  
[ 2014-12-16 17:21:01 (CST) ]  WARNING:  implode() [<a href='/function.implode'>function.implode</a>]: Invalid arguments passed  /root/ServerKit/webroot/verifyfiles.php  第545行  
[ 2014-12-16 17:21:07 (CST) ]  NOTICE:  Use of undefined constant ACTION_NAME - assumed 'ACTION_NAME'  /root/ServerKit/webroot/core/Auth.class.php  第22行  
[ 2014-12-16 17:21:07 (CST) ]  NOTICE:  Use of undefined constant ACTION_NAME - assumed 'ACTION_NAME'  /root/ServerKit/webroot/core/Auth.class.php  第22行  
[ 2014-12-16 17:23:10 (CST) ]  NOTICE:  Use of undefined constant ACTION_NAME - assumed 'ACTION_NAME'  /root/ServerKit/webroot/core/Auth.class.php  第22行  
[ 2014-12-16 17:23:10 (CST) ]  NOTICE:  Use of undefined constant ACTION_NAME - assumed 'ACTION_NAME'  /root/ServerKit/webroot/core/Auth.class.php  第22行  
[ 2014-12-16 21:45:54 (CST) ]  NOTICE:  Use of undefined constant ACTION_NAME - assumed 'ACTION_NAME'  /root/ServerKit/webroot/core/Auth.class.php  第22行  
[ 2014-12-16 21:47:00 (CST) ]  NOTICE:  Use of undefined constant ACTION_NAME - assumed 'ACTION_NAME'  /root/ServerKit/webroot/core/Auth.class.php  第22行  
[ 2014-12-16 21:47:00 (CST) ]  NOTICE:  Use of undefined constant ACTION_NAME - assumed 'ACTION_NAME'  /root/ServerKit/webroot/core/Auth.class.php  第22行  
[ 2014-12-16 21:49:32 (CST) ]  NOTICE:  Use of undefined constant ACTION_NAME - assumed 'ACTION_NAME'  /root/ServerKit/webroot/core/Auth.class.php  第22行  
[ 2014-12-16 21:49:32 (CST) ]  NOTICE:  Use of undefined constant ACTION_NAME - assumed 'ACTION_NAME'  /root/ServerKit/webroot/core/Auth.class.php  第22行  
[ 2014-12-16 21:49:45 (CST) ]  NOTICE:  Use of undefined constant ACTION_NAME - assumed 'ACTION_NAME'  /root/ServerKit/webroot/core/Auth.class.php  第22行  
[ 2014-12-16 21:49:45 (CST) ]  NOTICE:  Use of undefined constant ACTION_NAME - assumed 'ACTION_NAME'  /root/ServerKit/webroot/core/Auth.class.php  第22行  
[ 2014-12-16 21:58:04 (CST) ]  NOTICE:  Use of undefined constant ACTION_NAME - assumed 'ACTION_NAME'  /root/ServerKit/webroot/core/Auth.class.php  第22行  
[ 2014-12-16 21:58:04 (CST) ]  NOTICE:  Use of undefined constant ACTION_NAME - assumed 'ACTION_NAME'  /root/ServerKit/webroot/core/Auth.class.php  第22行  
[ 2014-12-16 21:59:24 (CST) ]  NOTICE:  Use of undefined constant ACTION_NAME - assumed 'ACTION_NAME'  /root/ServerKit/webroot/core/Auth.class.php  第22行  
[ 2014-12-16 21:59:24 (CST) ]  NOTICE:  Use of undefined constant ACTION_NAME - assumed 'ACTION_NAME'  /root/ServerKit/webroot/core/Auth.class.php  第22行  
[ 2014-12-16 21:59:47 (CST) ]  NOTICE:  Use of undefined constant ACTION_NAME - assumed 'ACTION_NAME'  /root/ServerKit/webroot/core/Auth.class.php  第22行  
[ 2014-12-16 21:59:47 (CST) ]  NOTICE:  Use of undefined constant ACTION_NAME - assumed 'ACTION_NAME'  /root/ServerKit/webroot/core/Auth.class.php  第22行  
[ 2014-12-16 22:01:12 (CST) ]  NOTICE:  Use of undefined constant ACTION_NAME - assumed 'ACTION_NAME'  /root/ServerKit/webroot/core/Auth.class.php  第22行  
[ 2014-12-16 22:01:12 (CST) ]  NOTICE:  Use of undefined constant ACTION_NAME - assumed 'ACTION_NAME'  /root/ServerKit/webroot/core/Auth.class.php  第22行  
[ 2014-12-16 22:01:16 (CST) ]  NOTICE:  Use of undefined constant ACTION_NAME - assumed 'ACTION_NAME'  /root/ServerKit/webroot/core/Auth.class.php  第22行  
[ 2014-12-16 22:01:16 (CST) ]  NOTICE:  Use of undefined constant ACTION_NAME - assumed 'ACTION_NAME'  /root/ServerKit/webroot/core/Auth.class.php  第22行  
[ 2014-12-16 22:02:34 (CST) ]  NOTICE:  Use of undefined constant ACTION_NAME - assumed 'ACTION_NAME'  /root/ServerKit/webroot/core/Auth.class.php  第22行  
[ 2014-12-16 22:02:34 (CST) ]  NOTICE:  Use of undefined constant ACTION_NAME - assumed 'ACTION_NAME'  /root/ServerKit/webroot/core/Auth.class.php  第22行  
[ 2014-12-16 22:02:46 (CST) ]  NOTICE:  Use of undefined constant ACTION_NAME - assumed 'ACTION_NAME'  /root/ServerKit/webroot/core/Auth.class.php  第22行  
[ 2014-12-16 22:02:46 (CST) ]  NOTICE:  Use of undefined constant ACTION_NAME - assumed 'ACTION_NAME'  /root/ServerKit/webroot/core/Auth.class.php  第22行  
[ 2014-12-16 22:03:13 (CST) ]  NOTICE:  Use of undefined constant ACTION_NAME - assumed 'ACTION_NAME'  /root/ServerKit/webroot/core/Auth.class.php  第22行  
[ 2014-12-16 22:03:13 (CST) ]  NOTICE:  Use of undefined constant ACTION_NAME - assumed 'ACTION_NAME'  /root/ServerKit/webroot/core/Auth.class.php  第22行  
[ 2014-12-16 22:03:15 (CST) ]  NOTICE:  Use of undefined constant ACTION_NAME - assumed 'ACTION_NAME'  /root/ServerKit/webroot/core/Auth.class.php  第22行  
[ 2014-12-16 22:03:15 (CST) ]  NOTICE:  Use of undefined constant ACTION_NAME - assumed 'ACTION_NAME'  /root/ServerKit/webroot/core/Auth.class.php  第22行  
[ 2014-12-16 22:05:17 (CST) ]  NOTICE:  Use of undefined constant ACTION_NAME - assumed 'ACTION_NAME'  /root/ServerKit/webroot/core/Auth.class.php  第22行  
[ 2014-12-16 22:05:18 (CST) ]  NOTICE:  Use of undefined constant ACTION_NAME - assumed 'ACTION_NAME'  /root/ServerKit/webroot/core/Auth.class.php  第22行  
[ 2014-12-16 22:05:23 (CST) ]  NOTICE:  Use of undefined constant ACTION_NAME - assumed 'ACTION_NAME'  /root/ServerKit/webroot/core/Auth.class.php  第22行  
[ 2014-12-16 22:05:23 (CST) ]  NOTICE:  Use of undefined constant ACTION_NAME - assumed 'ACTION_NAME'  /root/ServerKit/webroot/core/Auth.class.php  第22行  
[ 2014-12-16 22:06:09 (CST) ]  NOTICE:  Use of undefined constant ACTION_NAME - assumed 'ACTION_NAME'  /root/ServerKit/webroot/core/Auth.class.php  第22行  
[ 2014-12-16 22:06:09 (CST) ]  NOTICE:  Use of undefined constant ACTION_NAME - assumed 'ACTION_NAME'  /root/ServerKit/webroot/core/Auth.class.php  第22行  
[ 2014-12-16 22:06:11 (CST) ]  NOTICE:  Use of undefined constant ACTION_NAME - assumed 'ACTION_NAME'  /root/ServerKit/webroot/core/Auth.class.php  第22行  
[ 2014-12-16 22:06:12 (CST) ]  NOTICE:  Use of undefined constant ACTION_NAME - assumed 'ACTION_NAME'  /root/ServerKit/webroot/core/Auth.class.php  第22行  
[ 2014-12-16 22:06:39 (CST) ]  NOTICE:  Use of undefined constant ACTION_NAME - assumed 'ACTION_NAME'  /root/ServerKit/webroot/core/Auth.class.php  第22行  
[ 2014-12-16 22:06:39 (CST) ]  NOTICE:  Use of undefined constant ACTION_NAME - assumed 'ACTION_NAME'  /root/ServerKit/webroot/core/Auth.class.php  第22行  
[ 2014-12-16 22:07:48 (CST) ]  NOTICE:  Use of undefined constant ACTION_NAME - assumed 'ACTION_NAME'  /root/ServerKit/webroot/core/Auth.class.php  第22行  
[ 2014-12-16 22:07:49 (CST) ]  NOTICE:  Use of undefined constant ACTION_NAME - assumed 'ACTION_NAME'  /root/ServerKit/webroot/core/Auth.class.php  第22行  
[ 2014-12-16 22:08:00 (CST) ]  NOTICE:  Use of undefined constant ACTION_NAME - assumed 'ACTION_NAME'  /root/ServerKit/webroot/core/Auth.class.php  第22行  
[ 2014-12-16 22:08:00 (CST) ]  NOTICE:  A session had already been started - ignoring session_start()  /root/ServerKit/webroot/common.func.php  第310行  
[ 2014-12-16 22:08:00 (CST) ]  NOTICE:  Undefined index: niuxams_Nxalgnm  /root/ServerKit/webroot/common.func.php  第311行  
[ 2014-12-16 22:08:00 (CST) ]  NOTICE:  Undefined index: niuxams_Nxalgpw  /root/ServerKit/webroot/common.func.php  第312行  
[ 2014-12-16 22:08:00 (CST) ]  NOTICE:  Undefined index: menu  /root/ServerKit/webroot/addggcl.php  第17行  
[ 2014-12-16 22:08:00 (CST) ]  NOTICE:  Undefined index: ggcllei  /root/ServerKit/webroot/addggcl.php  第76行  
[ 2014-12-16 22:08:00 (CST) ]  NOTICE:  Undefined index: ggclzu  /root/ServerKit/webroot/addggcl.php  第77行  
[ 2014-12-16 22:08:00 (CST) ]  NOTICE:  Undefined variable: ifdot  /root/ServerKit/webroot/common.func.php  第393行  
[ 2014-12-16 22:08:00 (CST) ]  NOTICE:  Undefined variable: ifdot  /root/ServerKit/webroot/common.func.php  第393行  
[ 2014-12-16 22:08:00 (CST) ]  NOTICE:  Undefined index: niuxams_theme  /root/ServerKit/webroot/common.func.php  第21行  
[ 2014-12-16 22:08:50 (CST) ]  NOTICE:  Use of undefined constant ACTION_NAME - assumed 'ACTION_NAME'  /root/ServerKit/webroot/core/Auth.class.php  第22行  
[ 2014-12-16 22:08:50 (CST) ]  NOTICE:  Use of undefined constant ACTION_NAME - assumed 'ACTION_NAME'  /root/ServerKit/webroot/core/Auth.class.php  第22行  
[ 2014-12-16 22:08:51 (CST) ]  NOTICE:  Use of undefined constant ACTION_NAME - assumed 'ACTION_NAME'  /root/ServerKit/webroot/core/Auth.class.php  第22行  
[ 2014-12-16 22:08:52 (CST) ]  NOTICE:  Use of undefined constant ACTION_NAME - assumed 'ACTION_NAME'  /root/ServerKit/webroot/core/Auth.class.php  第22行  
[ 2014-12-16 22:08:56 (CST) ]  NOTICE:  Use of undefined constant ACTION_NAME - assumed 'ACTION_NAME'  /root/ServerKit/webroot/core/Auth.class.php  第22行  
[ 2014-12-16 22:08:57 (CST) ]  NOTICE:  Use of undefined constant ACTION_NAME - assumed 'ACTION_NAME'  /root/ServerKit/webroot/core/Auth.class.php  第22行  
